WARNING:tensorflow:No training configuration found in the save file, so the model was *not* compiled. Compile it manually.
INFO:root:bed0 positioned -> center coordinates:: (491.0, 509.5), X,Y errors:: (0.029644268774703556, 0.028207461328480437)
INFO:root:bed0 depth positioned -> Bounding Box area:: 281219, error of:: 0.024141447248625224
INFO:root:bed0 rotated -> aspect ratio:: 1.7206982543640899, error of:: 0.027850727164389973
INFO:root:bed0 positioned -> center coordinates:: (520.0, 567.5), X,Y errors:: (0.02766798418972332, 0.025477707006369428)
INFO:root:bed0 depth positioned -> Bounding Box area:: 275086, error of:: 0.001806329436614589
INFO:root:bed0 rotated -> aspect ratio:: 1.7107231920199502, error of:: 0.021892172224306526
INFO:root:bed0 positioned -> center coordinates:: (518.0, 564.5), X,Y errors:: (0.023715415019762844, 0.0272975432211101)
INFO:root:bed0 depth positioned -> Bounding Box area:: 279202, error of:: 0.016795950325940494
INFO:root:bed0 rotated -> aspect ratio:: 1.6855036855036856, error of:: 0.00682742275662635
INFO:root:Finished with bed0 -> width::686, height::407, area::279202, distance from camera::4.216483241861381
__________________
INFO:root:potted plant0 positioned -> center coordinates:: (549.5, 376.5), X,Y errors:: (0.025709219858156027, 0.024906600249066)
INFO:root:potted plant0 depth positioned -> Bounding Box area:: 2650, error of:: 0.0015117157974300832
INFO:root:potted plant0 rotated -> aspect ratio:: 1.08, error of:: 0.019999999999999837
INFO:root:potted plant0 positioned -> center coordinates:: (550.0, 390.0), X,Y errors:: (0.024822695035460994, 0.028642590286425903)
INFO:root:potted plant0 depth positioned -> Bounding Box area:: 2700, error of:: 0.02040816326530612
INFO:root:potted plant0 rotated -> aspect ratio:: 1.08, error of:: 0.019999999999999837
INFO:root:Finished with potted plant0 -> width::54, height::50, area::2700, distance from camera::6.742570699320049
__________________
INFO:root:chair0 positioned -> center coordinates:: (814.0, 291.5), X,Y errors:: (0.028639618138424822, 0.02577319587628866)
INFO:root:chair0 depth positioned -> Bounding Box area:: 20436, error of:: 0.02077922077922078
INFO:root:chair0 rotated -> aspect ratio:: 0.8397435897435898, error of:: 0.00522682445759361
INFO:root:chair0 positioned -> center coordinates:: (862.5, 501.5), X,Y errors:: (0.029236276849642005, 0.029896907216494847)
INFO:root:chair0 depth positioned -> Bounding Box area:: 20418, error of:: 0.01988011988011988
